{"contracts/mocks/utils/ContractUtilMock.sol":{"l":{"8":2},"path":"/Users/ajs/synthetix-v3/packages/core-contracts/contracts/mocks/utils/ContractUtilMock.sol","s":{"1":2},"b":{},"f":{"1":2},"fnMap":{"1":{"name":"isContract","line":7,"loc":{"start":{"line":7,"column":4},"end":{"line":9,"column":4}}}},"statementMap":{"1":{"start":{"line":8,"column":8},"end":{"line":8,"column":35}}},"branchMap":{}},"contracts/utils/ContractUtil.sol":{"l":{"6":2,"8":2,"12":2},"path":"/Users/ajs/synthetix-v3/packages/core-contracts/contracts/utils/ContractUtil.sol","s":{"1":2,"2":2},"b":{},"f":{"1":2},"fnMap":{"1":{"name":"_isContract","line":5,"loc":{"start":{"line":5,"column":4},"end":{"line":13,"column":4}}}},"statementMap":{"1":{"start":{"line":6,"column":8},"end":{"line":6,"column":20}},"2":{"start":{"line":12,"column":8},"end":{"line":12,"column":23}}},"branchMap":{}}}